
> ai-chatbot@3.1.0 dev /app
> next dev --turbo

▲ Next.js 16.1.1 (Turbopack)
- Local:         http://localhost:3000
- Network:       http://192.168.0.2:3000
- Environments: .env.local

✓ Starting...
Attention: Next.js now collects completely anonymous telemetry regarding usage.
This information is used to shape Next.js' roadmap and prioritize features.
You can learn more, including how to opt-out if you'd not like to participate in this anonymous program, by visiting the following URL:
https://nextjs.org/telemetry

✓ Ready in 4.2s
○ Compiling /settings/integrations ...
⨯ ./app/settings
You cannot have two parallel pages that resolve to the same path. Please check /(chat)/settings/integrations and /settings.

 GET /settings/integrations 500 in 18.2s (compile: 17.9s, proxy.ts: 14ms, render: 282ms)
⨯ ./app/settings
You cannot have two parallel pages that resolve to the same path. Please check /(chat)/settings/integrations and /settings.

 GET /settings/integrations 500 in 40ms (compile: 11ms, proxy.ts: 12ms, render: 17ms)
 GET /settings/integrations 200 in 3.3s (compile: 1779ms, proxy.ts: 11ms, render: 1518ms)
 POST /settings/integrations 200 in 588ms (compile: 101ms, proxy.ts: 31ms, render: 456ms)
 GET /api/integrations/status 401 in 3.4s (compile: 3.2s, proxy.ts: 27ms, render: 194ms)
 GET /api/history?limit=20 401 in 3.4s (compile: 3.3s, proxy.ts: 23ms, render: 41ms)
